<?xml version="1.0" encoding="UTF-8"?>
<!-- Generated by org.testng.reporters.JUnitReportReporter -->
<testsuite hostname="Pradeep" failures="0" tests="3" name="Parallel_WebDriver.Example17_ParameterTest" time="82.138" errors="0" timestamp="2023-03-03T13:48:56 IST" skipped="0">
  <testcase classname="Parallel_WebDriver.Example17_ParameterTest" name="Edge" time="4.274"/>
  <system-out/>
  <testcase classname="Parallel_WebDriver.Example17_ParameterTest" name="Chrome" time="6.075"/>
  <system-out/>
  <testcase classname="Parallel_WebDriver.Example17_ParameterTest" name="Firefox" time="71.789"/>
  <system-out/>
</testsuite> <!-- Parallel_WebDriver.Example17_ParameterTest -->
